# JRE version: OpenJDK Runtime Environment (11.0.8+10) (build 11.0.8+10)
# Java VM: OpenJDK 64-Bit Server VM (11.0.8+10, mixed mode, tiered, compressed oops, g1 gc, linux-amd64)
Heap:
 garbage-first heap   total 514048K, used 185053K [0x000000060a000000, 0x0000000800000000)
  region size 2048K, 8 young (16384K), 4 survivors (8192K)
 Metaspace       used 31558K, capacity 32720K, committed 32944K, reserved 1077248K
  class space    used 3756K, capacity 4240K, committed 4352K, reserved 1048576K
GC Heap History (12 events):
Event: 0.675 GC heap before
{Heap before GC invocations=0 (full 0):
 garbage-first heap   total 514048K, used 22528K [0x000000060a000000, 0x0000000800000000)
  region size 2048K, 12 young (24576K), 0 survivors (0K)
 Metaspace       used 11162K, capacity 11496K, committed 11648K, reserved 1058816K
  class space    used 1188K, capacity 1328K, committed 1408K, reserved 1048576K
}
Event: 0.678 GC heap after
{Heap after GC invocations=1 (full 0):
 garbage-first heap   total 514048K, used 3452K [0x000000060a000000, 0x0000000800000000)
  region size 2048K, 2 young (4096K), 2 survivors (4096K)
 Metaspace       used 11162K, capacity 11496K, committed 11648K, reserved 1058816K
  class space    used 1188K, capacity 1328K, committed 1408K, reserved 1048576K
}
Event: 1.086 GC heap before
{Heap before GC invocations=1 (full 0):
 garbage-first heap   total 514048K, used 34172K [0x000000060a000000, 0x0000000800000000)
  region size 2048K, 19 young (38912K), 2 survivors (4096K)
 Metaspace       used 20445K, capacity 21118K, committed 21296K, reserved 1067008K
  class space    used 2543K, capacity 2829K, committed 2944K, reserved 1048576K
}
Event: 1.091 GC heap after
{Heap after GC invocations=2 (full 0):
 garbage-first heap   total 514048K, used 8264K [0x000000060a000000, 0x0000000800000000)
  region size 2048K, 5 young (10240K), 5 survivors (10240K)
 Metaspace       used 20445K, capacity 21118K, committed 21296K, reserved 1067008K
  class space    used 2543K, capacity 2829K, committed 2944K, reserved 1048576K
}
Event: 2.918 GC heap before
{Heap before GC invocations=3 (full 0):
 garbage-first heap   total 514048K, used 59464K [0x000000060a000000, 0x0000000800000000)
  region size 2048K, 29 young (59392K), 5 survivors (10240K)
 Metaspace       used 29486K, capacity 30532K, committed 30640K, reserved 1075200K
  class space    used 3612K, capacity 4052K, committed 4096K, reserved 1048576K
}
Event: 2.926 GC heap after
{Heap after GC invocations=4 (full 0):
 garbage-first heap   total 514048K, used 15499K [0x000000060a000000, 0x0000000800000000)
  region size 2048K, 3 young (6144K), 3 survivors (6144K)
 Metaspace       used 29486K, capacity 30532K, committed 30640K, reserved 1075200K
  class space    used 3612K, capacity 4052K, committed 4096K, reserved 1048576K
}
Event: 4.989 GC heap before
{Heap before GC invocations=4 (full 0):
 garbage-first heap   total 514048K, used 244875K [0x000000060a000000, 0x0000000800000000)
  region size 2048K, 21 young (43008K), 3 survivors (6144K)
 Metaspace       used 30794K, capacity 31972K, committed 32176K, reserved 1077248K
  class space    used 3746K, capacity 4228K, committed 4352K, reserved 1048576K
}
Event: 4.993 GC heap after
{Heap after GC invocations=5 (full 0):
 garbage-first heap   total 514048K, used 53858K [0x000000060a000000, 0x0000000800000000)
  region size 2048K, 4 young (8192K), 4 survivors (8192K)
 Metaspace       used 30794K, capacity 31972K, committed 32176K, reserved 1077248K
  class space    used 3746K, capacity 4228K, committed 4352K, reserved 1048576K
}
Event: 6.683 GC heap before
{Heap before GC invocations=6 (full 0):
 garbage-first heap   total 514048K, used 229986K [0x000000060a000000, 0x0000000800000000)
  region size 2048K, 18 young (36864K), 4 survivors (8192K)
 Metaspace       used 31458K, capacity 32656K, committed 32944K, reserved 1077248K
  class space    used 3754K, capacity 4240K, committed 4352K, reserved 1048576K
}
Event: 6.687 GC heap after
{Heap after GC invocations=7 (full 0):
 garbage-first heap   total 514048K, used 85019K [0x000000060a000000, 0x0000000800000000)
  region size 2048K, 4 young (8192K), 4 survivors (8192K)
 Metaspace       used 31458K, capacity 32656K, committed 32944K, reserved 1077248K
  class space    used 3754K, capacity 4240K, committed 4352K, reserved 1048576K
}
Event: 7.034 GC heap before
{Heap before GC invocations=8 (full 0):
 garbage-first heap   total 514048K, used 216091K [0x000000060a000000, 0x0000000800000000)
  region size 2048K, 9 young (18432K), 4 survivors (8192K)
 Metaspace       used 31474K, capacity 32656K, committed 32944K, reserved 1077248K
  class space    used 3756K, capacity 4240K, committed 4352K, reserved 1048576K
}
Event: 7.038 GC heap after
{Heap after GC invocations=9 (full 0):
 garbage-first heap   total 514048K, used 64221K [0x000000060a000000, 0x0000000800000000)
  region size 2048K, 4 young (8192K), 4 survivors (8192K)
 Metaspace       used 31474K, capacity 32656K, committed 32944K, reserved 1077248K
  class space    used 3756K, capacity 4240K, committed 4352K, reserved 1048576K
}

